"../../../Engine/Content/Animation/DefaultAnimCurveCompressionSettings.uasset" 0
"../../../Engine/Content/ArtTools/RenderToTexture/Enums/RenderToTexture_Enum.uasset" 1
"../../../Engine/Content/ArtTools/RenderToTexture/Enums/RenderToTexture_Flipbook_Enum.uasset" 2
"../../../Engine/Content/ArtTools/RenderToTexture/Enums/RenderToTexture_Imposter_Enum.uasset" 3
"../../../Engine/Content/EditorBlueprintResources/StandardMacros.uasset" 4
"../../../Engine/Content/ArtTools/RenderToTexture/Enums/EIntTypes.uasset" 5
"../../../Engine/Content/ArtTools/RenderToTexture/Macros/RenderToTextureFunctionLibrary.uasset" 6
"../../../Engine/Content/ArtTools/RenderToTexture/Enums/EFloatTypes.uasset" 7
"../../../Engine/Content/ArtTools/RenderToTexture/Macros/RenderToTextureMacros.uasset" 8
"../../../Engine/Content/Functions/Engine_MaterialFunctions01/Opacity/CameraDepthFade.uasset" 9
"../../../Engine/Content/EngineMaterials/T_Default_Material_Grid_M.uasset" 10
"../../../Engine/Content/EngineMaterials/T_Default_Material_Grid_N.uasset" 11
"../../../Engine/Content/EngineMaterials/WorldGridMaterial.uasset" 12
"../../../Engine/Content/ArtTools/RenderToTexture/Meshes/S_1_Unit_Plane.uasset" 13
"../../../Engine/Content/BasicShapes/BasicShapeMaterial.uasset" 14
"../../../Engine/Content/EngineMaterials/DefaultMaterial.uasset" 15
"../../../Engine/Content/BasicShapes/Cone.uasset" 16
"../../../Engine/Content/BasicShapes/Cylinder.uasset" 17
"../../../Engine/Content/BasicShapes/Plane.uasset" 18
"../../../Engine/Content/BasicShapes/Sphere.uasset" 19
"../../../Engine/Content/EngineMaterials/DefaultPhysicalMaterial.uasset" 20
"../../../Engine/Content/BufferVisualization/AmbientOcclusion.uasset" 21
"../../../Engine/Content/BufferVisualization/BaseColor.uasset" 22
"../../../Engine/Content/BufferVisualization/CustomDepth.uasset" 23
"../../../Engine/Content/Functions/Engine_MaterialFunctions02/Utility/VectorLength.uasset" 24
"../../../Engine/Content/BufferVisualization/CustomDepthWorldUnits.uasset" 25
"../../../Engine/Content/Functions/Engine_MaterialFunctions02/Utility/BreakOutFloat2Components.uasset" 26
"../../../Engine/Content/Functions/Engine_MaterialFunctions01/Texturing/ScaleUVsByCenter.uasset" 27
"../../../Engine/Content/Functions/Engine_MaterialFunctions02/ScreenResolution.uasset" 28
"../../../Engine/Content/Functions/Engine_MaterialFunctions02/Texturing/ScreenAlignedUVs.uasset" 29
"../../../Engine/Content/Functions/Engine_MaterialFunctions02/Utility/MakeFloat2.uasset" 30
"../../../Engine/Content/Functions/Engine_MaterialFunctions02/Utility/MakeFloat3.uasset" 31
"../../../Engine/Content/EngineMaterials/MiniFont.uasset" 32
"../../../Engine/Content/BufferVisualization/CustomStencil.uasset" 33
"../../../Engine/Content/BufferVisualization/FinalImage.uasset" 34
"../../../Engine/Content/BufferVisualization/LightingModel.uasset" 35
"../../../Engine/Content/BufferVisualization/MaterialAO.uasset" 36
"../../../Engine/Content/BufferVisualization/Metallic.uasset" 37
"../../../Engine/Content/BufferVisualization/Opacity.uasset" 38
"../../../Engine/Content/BufferVisualization/PostTonemapHDRColor.uasset" 39
"../../../Engine/Content/BufferVisualization/PreTonemapHDRColor.uasset" 40
"../../../Engine/Content/BufferVisualization/Roughness.uasset" 41
"../../../Engine/Content/BufferVisualization/SceneColor.uasset" 42
"../../../Engine/Content/BufferVisualization/SceneDepth.uasset" 43
"../../../Engine/Content/BufferVisualization/SceneDepthWorldUnits.uasset" 44
"../../../Engine/Content/BufferVisualization/SeparateTranslucencyA.uasset" 45
"../../../Engine/Content/BufferVisualization/SeparateTranslucencyRGB.uasset" 46
"../../../Engine/Content/BufferVisualization/Specular.uasset" 47
"../../../Engine/Content/BufferVisualization/SubsurfaceColor.uasset" 48
"../../../Engine/Content/BufferVisualization/Velocity.uasset" 49
"../../../Engine/Content/BufferVisualization/WorldNormal.uasset" 50
"../../../Engine/Content/EditorBlueprintResources/ActorMacros.uasset" 51
"../../../Engine/Content/EditorLandscapeResources/DataLayer.uasset" 52
"../../../Engine/Content/EditorLandscapeResources/DefaultAlphaTexture.uasset" 53
"../../../Engine/Content/EditorLandscapeResources/LandscapeGizmoHeight_Mat.uasset" 54
"../../../Engine/Content/EditorLandscapeResources/LandscapeGizmo_Mat.uasset" 55
"../../../Engine/Content/EditorLandscapeResources/LandscapeGizmo_Mat_Copied.uasset" 56
"../../../Engine/Content/EditorMaterials/Cross.uasset" 57
"../../../Engine/Content/EditorMaterials/Cross_Mat.uasset" 58
"../../../Engine/Content/EditorMaterials/GizmoMaterial.uasset" 59
"../../../Engine/Content/Functions/Engine_MaterialFunctions02/ExampleContent/Textures/flipbook.uasset" 60
"../../../Engine/Content/Functions/Engine_MaterialFunctions02/Texturing/FlipBook.uasset" 61
"../../../Engine/Content/Functions/Engine_MaterialFunctions02/Utility/Sign.uasset" 62
"../../../Engine/Content/Functions/Engine_MaterialFunctions02/Utility/Round.uasset" 63
"../../../Engine/Content/EditorResources/T_EditorHelp.uasset" 64
"../../../Engine/Content/EditorMaterials/HelpActorMaterial.uasset" 65
"../../../Engine/Content/EditorMaterials/CompositeARGBLayer.uasset" 66
"../../../Engine/Content/EditorMaterials/TilingAALineIntegral.uasset" 67
"../../../Engine/Content/EditorMaterials/TilingAALineBoxFiltered.uasset" 68
"../../../Engine/Content/Functions/Engine_MaterialFunctions03/Procedurals/ComputeFilterWidth.uasset" 69
"../../../Engine/Content/EditorMaterials/TilingAADots.uasset" 70
"../../../Engine/Content/EngineMaterials/BlendFunc_DefBase.uasset" 71
"../../../Engine/Content/EngineMaterials/BlendFunc_DefBlend.uasset" 72
"../../../Engine/Content/Functions/Engine_MaterialFunctions03/Blends/Blend_Screen.uasset" 73
"../../../Engine/Content/EditorMaterials/TilingAAGrid.uasset" 74
"../../../Engine/Content/EditorMaterials/LevelGridMaterial.uasset" 75
"../../../Engine/Content/EditorMaterials/MakeCompositeARGBLayer.uasset" 76
"../../../Engine/Content/EditorResources/LevelGrid1DStripes.uasset" 77
"../../../Engine/Content/EditorMaterials/TextureGridCascaded1D.uasset" 78
"../../../Engine/Content/EditorMaterials/TextureGridCascaded2D.uasset" 79
"../../../Engine/Content/EditorMaterials/LevelGridMaterial2.uasset" 80
"../../../Engine/Content/EditorMaterials/MAT_Groups_Toggle.uasset" 81
"../../../Engine/Content/EditorMaterials/MAT_Groups_Visibility.uasset" 82
"../../../Engine/Content/EditorMaterials/AntialiasedGridFloor.uasset" 83
"../../../Engine/Content/EditorResources/TilePatine_D.uasset" 84
"../../../Engine/Content/EditorResources/TilePatine_N.uasset" 85
"../../../Engine/Content/EngineMaterials/Grid.uasset" 86
"../../../Engine/Content/EditorMaterials/PersonaFloorMat.uasset" 87
"../../../Engine/Content/EditorMaterials/PhAT_BoneSelectedMaterial.uasset" 88
"../../../Engine/Content/EditorMaterials/PhAT_ElemSelectedMaterial.uasset" 89
"../../../Engine/Content/EditorMaterials/PhAT_NoCollisionMaterial.uasset" 90
"../../../Engine/Content/EditorMaterials/PhAT_UnselectedMaterial.uasset" 91
"../../../Engine/Content/EditorMaterials/PreviewShadowIndicator.uasset" 92
"../../../Engine/Content/EditorMaterials/PreviewShadowIndicatorMaterial.uasset" 93
"../../../Engine/Content/EditorMaterials/TargetIcon.uasset" 94
"../../../Engine/Content/EditorMaterials/Tick.uasset" 95
"../../../Engine/Content/EditorMaterials/Tick_Mat.uasset" 96
"../../../Engine/Content/EditorMaterials/WidgetGridVertexColorMaterial.uasset" 97
"../../../Engine/Content/EditorMaterials/WidgetGridVertexColorMaterial_Ma.uasset" 98
"../../../Engine/Content/EditorMaterials/WidgetMaterial.uasset" 99
"../../../Engine/Content/EditorMaterials/WidgetMaterial_Current.uasset" 100
"../../../Engine/Content/EditorMaterials/WidgetMaterial_X.uasset" 101
"../../../Engine/Content/EditorMaterials/WidgetMaterial_Y.uasset" 102
"../../../Engine/Content/EditorMaterials/WidgetMaterial_Z.uasset" 103
"../../../Engine/Content/EditorMaterials/WidgetVertexColorMaterial.uasset" 104
"../../../Engine/Content/EditorMaterials/AssetViewer/EpicQuadPanorama_CC+EV1.uasset" 105
"../../../Engine/Content/MapTemplates/Sky/SunsetAmbientCubemap.uasset" 106
"../../../Engine/Content/EditorMaterials/AssetViewer/M_SkyBox.uasset" 107
"../../../Engine/Content/EditorMaterials/MatineeGroups/MAT_ColorTrack.uasset" 108
"../../../Engine/Content/EditorMaterials/MatineeGroups/MAT_Groups_Anim.uasset" 109
"../../../Engine/Content/EditorMaterials/MatineeGroups/MAT_Groups_AudioMaster.uasset" 110
"../../../Engine/Content/EditorMaterials/MatineeGroups/MAT_Groups_Director.uasset" 111
"../../../Engine/Content/EditorMaterials/MatineeGroups/MAT_Groups_Event.uasset" 112
"../../../Engine/Content/EditorMaterials/MatineeGroups/MAT_Groups_Fade.uasset" 113
"../../../Engine/Content/EditorMaterials/MatineeGroups/MAT_Groups_Float.uasset" 114
"../../../Engine/Content/EditorMaterials/MatineeGroups/MAT_Groups_Move.uasset" 115
"../../../Engine/Content/EditorMaterials/MatineeGroups/MAT_Groups_Slomo.uasset" 116
"../../../Engine/Content/EditorMaterials/MatineeGroups/MAT_Groups_Sound.uasset" 117
"../../../Engine/Content/EditorMaterials/MatineeGroups/MAT_Groups_Vector.uasset" 118
"../../../Engine/Content/EditorMaterials/ParticleSystems/PSysThumbnail_NoImage.uasset" 119
"../../../Engine/Content/EditorMaterials/ParticleSystems/PSysThumbnail_OOD.uasset" 120
"../../../Engine/Content/EditorMaterials/Thumbnails/FloorPlaneMaterial.uasset" 121
"../../../Engine/Content/EditorMeshes/EditorCube.uasset" 122
"../../../Engine/Content/EditorMeshes/EditorCylinder.uasset" 123
"../../../Engine/Content/EditorMeshes/EditorPlane.uasset" 124
"../../../Engine/Content/EditorMaterials/Thumbnails/SkySphereMaterial.uasset" 125
"../../../Engine/Content/EditorMeshes/EditorSkySphere.uasset" 126
"../../../Engine/Content/EditorMeshes/EditorSphere.uasset" 127
"../../../Engine/Content/EditorResources/MatineeCam_D.uasset" 128
"../../../Engine/Content/EditorMaterials/MatineeCam_mat.uasset" 129
"../../../Engine/Content/EditorMeshes/MatineeCam_SM.uasset" 130
"../../../Engine/Content/Functions/Engine_MaterialFunctions01/Shading/ConvertFromDiffSpec.uasset" 131
"../../../Engine/Content/EditorMaterials/GridMaterial.uasset" 132
"../../../Engine/Content/EditorMeshes/PhAT_FloorBox.uasset" 133
"../../../Engine/Content/EditorMeshes/PlanarReflectionPlane.uasset" 134
"../../../Engine/Content/EditorMeshes/AssetViewer/Floor_Mesh.uasset" 135
"../../../Engine/Content/EditorMeshes/AssetViewer/Sphere_inversenormals.uasset" 136
"../../../Engine/Content/EditorMaterials/Camera/CineMat.uasset" 137
"../../../Engine/Content/EditorMaterials/Camera/MI_CineMat_CameraBody.uasset" 138
"../../../Engine/Content/EngineDebugMaterials/M_SimpleOpaque.uasset" 139
"../../../Engine/Content/EditorMaterials/Camera/MI_CineMat_CamViewFinder.uasset" 140
"../../../Engine/Content/EditorMeshes/Camera/SM_CineCam.uasset" 141
"../../../Engine/Content/EditorMaterials/Camera/MI_CineMat_Rig.uasset" 142
"../../../Engine/Content/EditorMeshes/Camera/SM_CraneRig_Arm.uasset" 143
"../../../Engine/Content/EditorMeshes/Camera/SM_CraneRig_Base.uasset" 144
"../../../Engine/Content/EditorMeshes/Camera/SM_CraneRig_Body.uasset" 145
"../../../Engine/Content/EditorMeshes/Camera/SM_CraneRig_Mount.uasset" 146
"../../../Engine/Content/EditorMeshes/Camera/SM_RailRig_Mount.uasset" 147
"../../../Engine/Content/EditorMeshes/Camera/SM_RailRig_Track.uasset" 148
"../../../Engine/Content/EditorMeshes/ColorCalibrator/M_ChromeBall.uasset" 149
"../../../Engine/Content/EditorResources/Bad.uasset" 150
"../../../Engine/Content/EditorResources/BadBlueprintSprite.uasset" 151
"../../../Engine/Content/EditorResources/BSPVertex.uasset" 152
"../../../Engine/Content/EditorResources/EmptyActor.uasset" 153
"../../../Engine/Content/EditorResources/MatInstActSprite.uasset" 154
"../../../Engine/Content/EditorResources/SceneManager.uasset" 155
"../../../Engine/Content/EditorResources/SmallFont.uasset" 156
"../../../Engine/Content/EditorResources/S_Actor.uasset" 157
"../../../Engine/Content/EditorResources/S_DecalActorIcon.uasset" 158
"../../../Engine/Content/EditorResources/S_Emitter.uasset" 159
"../../../Engine/Content/EditorResources/S_ExpoHeightFog.uasset" 160
"../../../Engine/Content/EditorResources/S_FTest.uasset" 161
"../../../Engine/Content/EditorResources/S_KBSJoint.uasset" 162
"../../../Engine/Content/EditorResources/S_KHinge.uasset" 163
"../../../Engine/Content/EditorResources/S_KPrismatic.uasset" 164
"../../../Engine/Content/EditorResources/S_LevelSequence.uasset" 165
"../../../Engine/Content/EditorResources/S_NavP.uasset" 166
"../../../Engine/Content/EditorResources/S_Note.uasset" 167
"../../../Engine/Content/EditorResources/S_Player.uasset" 168
"../../../Engine/Content/EditorResources/S_PortalActorIcon2.uasset" 169
"../../../Engine/Content/EditorResources/S_RadForce.uasset" 170
"../../../Engine/Content/EditorResources/S_ReflActorIcon.uasset" 171
"../../../Engine/Content/EditorResources/S_Terrain.uasset" 172
"../../../Engine/Content/EditorResources/S_TextRenderActorIcon.uasset" 173
"../../../Engine/Content/EditorResources/S_Thruster.uasset" 174
"../../../Engine/Content/EditorResources/S_Trigger.uasset" 175
"../../../Engine/Content/EditorResources/S_VectorFieldVol.uasset" 176
"../../../Engine/Content/EditorResources/S_WindDirectional.uasset" 177
"../../../Engine/Content/EditorResources/AI/S_NavLink.uasset" 178
"../../../Engine/Content/EditorResources/LightIcons/SkyLight.uasset" 179
"../../../Engine/Content/EditorResources/LightIcons/S_LightDirectional.uasset" 180
"../../../Engine/Content/EditorResources/LightIcons/S_LightDirectionalMove.uasset" 181
"../../../Engine/Content/EditorResources/LightIcons/S_LightError.uasset" 182
"../../../Engine/Content/EditorResources/LightIcons/S_LightPoint.uasset" 183
"../../../Engine/Content/EditorResources/LightIcons/S_LightPointMove.uasset" 184
"../../../Engine/Content/EditorResources/LightIcons/S_LightSpot.uasset" 185
"../../../Engine/Content/EditorResources/LightIcons/S_LightSpotMove.uasset" 186
"../../../Engine/Content/EditorResources/SequenceRecorder/Countdown.uasset" 187
"../../../Engine/Content/EditorResources/SequenceRecorder/RecordingIndicator.uasset" 188
"../../../Engine/Content/EditorResources/Spline/T_Loft_Spline.uasset" 189
"../../../Engine/Content/EditorSounds/Notifications/CompileFailed.uasset" 190
"../../../Engine/Content/EditorSounds/Notifications/CompileFailed_Cue.uasset" 191
"../../../Engine/Content/EditorSounds/Notifications/CompileSuccess.uasset" 192
"../../../Engine/Content/EditorSounds/Notifications/CompileStart_Cue.uasset" 193
"../../../Engine/Content/EditorSounds/Notifications/CompileSuccess_Cue.uasset" 194
"../../../Engine/Content/EngineDamageTypes/DmgTypeBP_Environmental.uasset" 195
"../../../Engine/Content/EngineDebugMaterials/HeatmapGradient.uasset" 196
"../../../Engine/Content/EngineDebugMaterials/BoneWeightMaterial.uasset" 197
"../../../Engine/Content/EngineDebugMaterials/ClothMaterial.uasset" 198
"../../../Engine/Content/EngineDebugMaterials/ClothMaterial_WF.uasset" 199
"../../../Engine/Content/EngineDebugMaterials/DebugEditorMaterial.uasset" 200
"../../../Engine/Content/EngineDebugMaterials/DebugMeshMaterial.uasset" 201
"../../../Engine/Content/EngineDebugMaterials/GeomMaterial.uasset" 202
"../../../Engine/Content/EngineDebugMaterials/LevelColorationLitMaterial.uasset" 203
"../../../Engine/Content/EngineDebugMaterials/LevelColorationUnlitMaterial.uasset" 204
"../../../Engine/Content/EngineMaterials/DefaultWhiteGrid.uasset" 205
"../../../Engine/Content/EngineDebugMaterials/MAT_LevelColorationLitLightmapUV.uasset" 206
"../../../Engine/Content/EngineDebugMaterials/M_SimpleTranslucent.uasset" 207
"../../../Engine/Content/EngineDebugMaterials/ShadedLevelColorationLitMaterial.uasset" 208
"../../../Engine/Content/EngineDebugMaterials/ShadedLevelColorationUnlitMateri.uasset" 209
"../../../Engine/Content/EngineDebugMaterials/VertexColorMaterial.uasset" 210
"../../../Engine/Content/EngineDebugMaterials/VertexColorViewMode_AlphaAsColor.uasset" 211
"../../../Engine/Content/EngineDebugMaterials/VertexColorViewMode_BlueOnly.uasset" 212
"../../../Engine/Content/EngineDebugMaterials/VertexColorViewMode_ColorOnly.uasset" 213
"../../../Engine/Content/EngineDebugMaterials/VertexColorViewMode_GreenOnly.uasset" 214
"../../../Engine/Content/EngineDebugMaterials/VertexColorViewMode_RedOnly.uasset" 215
"../../../Engine/Content/EngineDebugMaterials/WireframeMaterial.uasset" 216
"../../../Engine/Content/EngineFonts/Faces/RobotoBold.uasset" 217
"../../../Engine/Content/EngineFonts/Faces/RobotoBoldItalic.uasset" 218
"../../../Engine/Content/EngineFonts/Faces/RobotoItalic.uasset" 219
"../../../Engine/Content/EngineFonts/Faces/RobotoLight.uasset" 220
"../../../Engine/Content/EngineFonts/Faces/RobotoRegular.uasset" 221
"../../../Engine/Content/EngineFonts/Roboto.uasset" 222
"../../../Engine/Content/EngineFonts/Faces/RobotoTiny.uasset" 223
"../../../Engine/Content/EngineFonts/RobotoTiny.uasset" 224
"../../../Engine/Content/EngineFonts/SmallFont.uasset" 225
"../../../Engine/Content/EngineFonts/TinyFont.uasset" 226
"../../../Engine/Content/EngineMaterials/BaseFlattenDiffuseMap.uasset" 227
"../../../Engine/Content/EngineMaterials/BaseFlattenEmissiveMap.uasset" 228
"../../../Engine/Content/EngineMaterials/BaseFlattenGrayscaleMap.uasset" 229
"../../../Engine/Content/EngineMaterials/BaseFlattenNormalMap.uasset" 230
"../../../Engine/Content/EngineMaterials/BaseFlattenMaterial.uasset" 231
"../../../Engine/Content/EngineResources/WhiteSquareTexture.uasset" 232
"../../../Engine/Content/EngineMaterials/BlinkingCaret.uasset" 233
"../../../Engine/Content/EngineMaterials/DefaultBloomKernel.uasset" 234
"../../../Engine/Content/EngineMaterials/DefaultBokeh.uasset" 235
"../../../Engine/Content/EngineMaterials/DefaultDiffuse.uasset" 236
"../../../Engine/Content/EngineMaterials/DefaultDeferredDecalMaterial.uasset" 237
"../../../Engine/Content/EngineMaterials/DefaultLightFunctionMaterial.uasset" 238
"../../../Engine/Content/EngineMaterials/DefaultNormal.uasset" 239
"../../../Engine/Content/EngineMaterials/DefaultPostProcessMaterial.uasset" 240
"../../../Engine/Content/EngineFonts/RobotoDistanceField.uasset" 241
"../../../Engine/Content/EngineMaterials/DefaultTextMaterialOpaque.uasset" 242
"../../../Engine/Content/EngineMaterials/EditorBrushMaterial.uasset" 243
"../../../Engine/Content/EngineMaterials/Good64x64TilingNoiseHighFreq.uasset" 244
"../../../Engine/Content/EngineMaterials/Grid_N.uasset" 245
"../../../Engine/Content/EngineMaterials/HighResolutionScreenshotMaskFunction.uasset" 246
"../../../Engine/Content/EngineMaterials/HighResScreenshot.uasset" 247
"../../../Engine/Content/EngineMaterials/HighResScreenshotCaptureRegion.uasset" 248
"../../../Engine/Content/EngineMaterials/HighResScreenshotMask.uasset" 249
"../../../Engine/Content/EngineMaterials/LandscapeHolePhysicalMaterial.uasset" 250
"../../../Engine/Content/EngineMaterials/InvalidLightmapSettings.uasset" 251
"../../../Engine/Content/EngineMaterials/M_InvalidLightmapSettings.uasset" 252
"../../../Engine/Content/EngineMaterials/PaperDiffuse.uasset" 253
"../../../Engine/Content/EngineMaterials/PaperNormal.uasset" 254
"../../../Engine/Content/Functions/Engine_MaterialFunctions02/WorldPositionOffset/CameraOffset.uasset" 255
"../../../Engine/Content/EngineMaterials/PhAT_JointLimitMaterial.uasset" 256
"../../../Engine/Content/EngineMaterials/PhysMat_Rubber.uasset" 257
"../../../Engine/Content/EngineMaterials/PreintegratedSkinBRDF.uasset" 258
"../../../Engine/Content/EngineMaterials/RemoveSurfaceMaterial.uasset" 259
"../../../Engine/Content/EngineMaterials/WeightMapPlaceholderTexture.uasset" 260
"../../../Engine/Content/EngineMaterials/Widget3DPassThrough.uasset" 261
"../../../Engine/Content/EngineMaterials/Widget3DPassThrough_Masked.uasset" 262
"../../../Engine/Content/EngineMaterials/Widget3DPassThrough_Opaque.uasset" 263
"../../../Engine/Content/EngineMaterials/Widget3DPassThrough_Masked_OneSided.uasset" 264
"../../../Engine/Content/EngineMaterials/Widget3DPassThrough_Opaque_OneSided.uasset" 265
"../../../Engine/Content/EngineMaterials/Widget3DPassThrough_Translucent.uasset" 266
"../../../Engine/Content/EngineMaterials/Widget3DPassThrough_Translucent_OneSided.uasset" 267
"../../../Engine/Content/EngineMeshes/Cylinder.uasset" 268
"../../../Engine/Content/EngineMeshes/Sphere.uasset" 269
"../../../Engine/Content/EngineResources/Black.uasset" 270
"../../../Engine/Content/EngineResources/DefaultTexture.uasset" 271
"../../../Engine/Content/EngineResources/DefaultTextureCube.uasset" 272
"../../../Engine/Content/EngineResources/DefaultVolumeTexture2D.uasset" 273
"../../../Engine/Content/EngineResources/DefaultVolumeTexture.uasset" 274
"../../../Engine/Content/EngineResources/GradientTexture0.uasset" 275
"../../../Engine/Content/EngineResources/StreamingPauseIcon.uasset" 276
"../../../Engine/Content/EngineResources/M_StreamingPause.uasset" 277
"../../../Engine/Content/EngineSounds/Master.uasset" 278
"../../../Engine/Content/Functions/Engine_MaterialFunctions01/Shading/PowerToRoughness.uasset" 279
"../../../Engine/Content/Maps/Templates/Thumbnails/Default.uasset" 280
"../../../Engine/Content/Maps/Templates/Thumbnails/VR-Basic.uasset" 281
"../../../Engine/Content/MapTemplates/Sky/DaylightAmbientCubemap.uasset" 282
"../../../Engine/Content/MobileResources/T_MobileControls_texture.uasset" 283
"../../../Engine/Content/MobileResources/T_MobileMenu2.uasset" 284
"../../../Engine/Content/MobileResources/HUD/AnalogHat.uasset" 285
"../../../Engine/Content/MobileResources/HUD/VirtualJoystick_Background.uasset" 286
"../../../Engine/Content/MobileResources/HUD/VirtualJoystick_Thumb.uasset" 287
"../../../Engine/Content/MobileResources/HUD/DefaultVirtualJoysticks.uasset" 288
"../../../Engine/Content/MobileResources/HUD/LeftVirtualJoystickOnly.uasset" 289
"../../../Engine/Content/MobileResources/HUD/MobileHUDButton1_off.uasset" 290
"../../../Engine/Content/MobileResources/HUD/MobileHUDButton1_on.uasset" 291
"../../../Engine/Content/MobileResources/HUD/MobileHUDButton2_off.uasset" 292
"../../../Engine/Content/MobileResources/HUD/MobileHUDButton2_on.uasset" 293
"../../../Engine/Content/MobileResources/HUD/MobileHUDButton3.uasset" 294
"../../../Engine/Content/MobileResources/HUD/MobileHUDButtonFire.uasset" 295
"../../../Engine/Content/MobileResources/HUD/MobileHUDDirectionPad.uasset" 296
"../../../Engine/Content/MobileResources/HUD/MobileHUDDirectionPad2.uasset" 297
"../../../Engine/Content/MobileResources/HUD/MobileHUDDirectionPad3.uasset" 298
"../../../Engine/Content/MobileResources/HUD/MobileHUDDirectionStick.uasset" 299
"../../../Engine/Content/MobileResources/HUD/T_Castle_ThumbstickInner.uasset" 300
"../../../Engine/Content/MobileResources/HUD/T_Castle_ThumbstickOutter.uasset" 301
"../../../Engine/Content/Tutorial/ContentIntroCurve.uasset" 302
"../../../Engine/Content/Tutorial/Basics/LevelEditorAttract.uasset" 303
"../../../Engine/Content/Tutorial/Basics/TutorialAssets/icon_tab_Levels_40x.uasset" 304
"../../../Engine/Content/Tutorial/Basics/LevelEditorOverview.uasset" 305
"../../../Engine/Content/Tutorial/BlueprintTutorials/TutorialAssets/Blueprint_64x.uasset" 306
"../../../Engine/Content/Tutorial/BlueprintTutorials/BlueprintEditorTutorial.uasset" 307
"../../../Engine/Content/Tutorial/BlueprintTutorials/TutorialAssets/BlueprintMacroLibrary_64x.uasset" 308
"../../../Engine/Content/Tutorial/BlueprintTutorials/BlueprintMacroLibrariesEditorOverview.uasset" 309
"../../../Engine/Content/Tutorial/BlueprintTutorials/LevelBlueprintEditorOverview.uasset" 310
"../../../Engine/Content/Tutorial/BlueprintTutorials/TutorialAssets/Tutorial_BP_MacroLib.uasset" 311
"../../../Engine/Content/Tutorial/SubEditors/MaterialEditorTutorial.uasset" 312
"../../../Engine/Content/Tutorial/SubEditors/TutorialAssets/TutorialMaterial.uasset" 313
"../../../Engine/Content/VREditor/LaserPointer/VR_LaserPower_01.uasset" 314
"../../../Engine/Content/VREditor/TransformGizmo/TransformGizmoMaterial.uasset" 315
"../../../Engine/Content/VREditor/TransformGizmo/TranslucentTransformGizmoMaterial.uasset" 316
"../../../Engine/Content/VREditor/TransformGizmo/BoundingBoxCorner.uasset" 317
"../../../Engine/Content/VREditor/TransformGizmo/BoundingBoxEdge.uasset" 318
"../../../Engine/Content/VREditor/TransformGizmo/PlaneTranslationHandle.uasset" 319
"../../../Engine/Content/VREditor/TransformGizmo/Main.uasset" 320
"../../../Engine/Content/VREditor/TransformGizmo/Xray.uasset" 321
"../../../Engine/Content/VREditor/TransformGizmo/SM_Sequencer_Key.uasset" 322
"../../../Engine/Content/VREditor/TransformGizmo/SM_Sequencer_Node.uasset" 323
"../../../../../../../Users/KernelPanic/Desktop/JapprendslEnergie/Content/DynamicGrassLite/Blueprints/InternalLogic/GrassInteractionType.uasset" 324
"../../../../../../../Users/KernelPanic/Desktop/JapprendslEnergie/Content/DynamicGrassLite/Blueprints/InternalLogic/InstanceStatus.uasset" 325
"../../../../../../../Users/KernelPanic/Desktop/JapprendslEnergie/Content/StarterContent/Textures/T_Fire_SubUV.uasset" 326
"../../../../../../../Users/KernelPanic/Desktop/JapprendslEnergie/Content/StarterContent/Textures/T_Fire_Tiled_D.uasset" 327
"../../../../../../../Users/KernelPanic/Desktop/JapprendslEnergie/Content/StarterContent/Particles/Materials/M_Fire_SubUV.uasset" 328
"../../../../../../../Users/KernelPanic/Desktop/JapprendslEnergie/Content/StarterContent/Textures/T_Water_N.uasset" 329
"../../../../../../../Users/KernelPanic/Desktop/JapprendslEnergie/Content/StarterContent/Particles/Materials/M_Heat_Distortion.uasset" 330
"../../../Engine/Content/Functions/Engine_MaterialFunctions01/Gradient/RadialGradient.uasset" 331
"../../../../../../../Users/KernelPanic/Desktop/JapprendslEnergie/Content/StarterContent/Particles/Materials/M_Radial_Gradient.uasset" 332
"../../../../../../../Users/KernelPanic/Desktop/JapprendslEnergie/Content/StarterContent/Textures/T_Smoke_SubUV.uasset" 333
"../../../../../../../Users/KernelPanic/Desktop/JapprendslEnergie/Content/StarterContent/Textures/T_Smoke_Tiled_D.uasset" 334
"../../../../../../../Users/KernelPanic/Desktop/JapprendslEnergie/Content/StarterContent/Particles/Materials/M_smoke_subUV.uasset" 335
"../../../../../../../Users/KernelPanic/Desktop/JapprendslEnergie/Content/StarterContent/Particles/P_Fire.uasset" 336
"../../Plugins/2D/Paper2D/Content/PlaceholderTextures/DummySpriteTexture.uasset" 337
"../../Plugins/2D/Paper2D/Content/DummySprite.uasset" 338
"../../Plugins/2D/Paper2D/Content/DefaultPaperTerrainMaterial.uasset" 339
"../../Plugins/2D/Paper2D/Content/DefaultSpriteMaterial.uasset" 340
"../../Plugins/2D/Paper2D/Content/MaskedUnlitSpriteMaterial.uasset" 341
"../../Plugins/2D/Paper2D/Content/OpaqueUnlitSpriteMaterial.uasset" 342
"../../Plugins/Enterprise/DatasmithContent/Content/Blueprints/FBXImporter/ArrayOfActor.uasset" 343
"../../Plugins/Enterprise/DatasmithContent/Content/Blueprints/FBXImporter/ArrayOfSwitch.uasset" 344
"../../Plugins/Enterprise/DatasmithContent/Content/Blueprints/FBXImporter/BP_SceneNode.uasset" 345
"../../Plugins/Enterprise/DatasmithContent/Content/Blueprints/FBXImporter/BP_Switch.uasset" 346
"../../Plugins/Enterprise/DatasmithContent/Content/Blueprints/FBXImporter/BP_SceneRoot.uasset" 347
"../../Plugins/Enterprise/DatasmithContent/Content/Blueprints/FBXImporter/FBXImporterUtils.uasset" 348
"../../Plugins/Enterprise/DatasmithContent/Content/Blueprints/FBXImporter/Animation/DeltaGenAnimationTrackType.uasset" 349
"../../Plugins/Enterprise/DatasmithContent/Content/Blueprints/FBXImporter/Animation/VREDAnimationTrackComponent.uasset" 350
"../../Plugins/Enterprise/DatasmithContent/Content/Blueprints/FBXImporter/Animation/VREDAnimationTrackType.uasset" 351
"../../Plugins/Enterprise/DatasmithContent/Content/Blueprints/FBXImporter/Animation/VREDAnimCurveComponent.uasset" 352
"../../Plugins/Enterprise/DatasmithContent/Content/Blueprints/FBXImporter/Animation/VREDAnimCurveType.uasset" 353
"../../Plugins/Enterprise/DatasmithContent/Content/Blueprints/FBXImporter/Variants/VariantSwitchType.uasset" 354
"../../Plugins/Enterprise/DatasmithContent/Content/Blueprints/FBXImporter/Variants/VREDVariantSwitchType.uasset" 355
"../../Plugins/Enterprise/DatasmithContent/Content/Blueprints/FBXImporter/Variants/VREDVariantType.uasset" 356
"../../Plugins/Runtime/Oculus/OculusVR/Content/OculusMR_RenderTarget.uasset" 357
"../../../Engine/Content/Functions/Engine_MaterialFunctions02/Utility/BreakOutFloat4Components.uasset" 358
"../../Plugins/Runtime/Oculus/OculusVR/Content/Materials/OculusMR_ChromaKey.uasset" 359
"../../Plugins/Runtime/Oculus/OculusVR/Content/Materials/OculusMR_ChromaKey_Lit.uasset" 360
"../../Plugins/Runtime/Oculus/OculusVR/Content/Materials/OculusMR_OpaqueColoredMaterial.uasset" 361
"../../Plugins/Runtime/Oculus/OculusVR/Content/Materials/OculusMR_WhiteMaterial.uasset" 362
"../../Plugins/Runtime/Oculus/OculusVR/Content/Materials/PokeAHoleMaterial.uasset" 363
"../../Plugins/Runtime/Oculus/OculusVR/Content/Textures/GearVRController_AO.uasset" 364
"../../Plugins/Runtime/Oculus/OculusVR/Content/Textures/GearVRController_Color.uasset" 365
"../../Plugins/Runtime/Oculus/OculusVR/Content/Textures/GearVRController_Normal.uasset" 366
"../../Plugins/Runtime/Oculus/OculusVR/Content/Materials/GearVRControllerMaterial.uasset" 367
"../../Plugins/Runtime/Oculus/OculusVR/Content/Meshes/GearVrController.uasset" 368
"../../Plugins/Runtime/Oculus/OculusVR/Content/Textures/touchController_albedo.uasset" 369
"../../Plugins/Runtime/Oculus/OculusVR/Content/Textures/touchController_controlmap.uasset" 370
"../../Plugins/Runtime/Oculus/OculusVR/Content/Materials/touchController_mat.uasset" 371
"../../Plugins/Runtime/Oculus/OculusVR/Content/Meshes/LeftTouchController.uasset" 372
"../../Plugins/Runtime/Oculus/OculusVR/Content/Meshes/RiftHMD.uasset" 373
"../../Plugins/Runtime/Oculus/OculusVR/Content/Meshes/RightTouchController.uasset" 374
"../../../Engine/Content/Maps/Entry_BuiltData.uasset" 375
"../../../Engine/Content/Maps/Entry.umap" 376
"../../../../../../../Users/KernelPanic/Desktop/JapprendslEnergie/Content/FirstPerson/Meshes/BaseMaterial.uasset" 377
"../../../../../../../Users/KernelPanic/Desktop/JapprendslEnergie/Content/Material/Kart/defaultMat.uasset" 378
"../../../../../../../Users/KernelPanic/Desktop/JapprendslEnergie/Content/Material/Kart/kart_soleil.uasset" 379
"../../../../../../../Users/KernelPanic/Desktop/JapprendslEnergie/Content/FirstPersonBP/Blueprints/FirstPersonCharacter.uasset" 380
"../../../Engine/Content/EngineSky/C_Sky_Cloud_Color.uasset" 381
"../../../Engine/Content/EngineSky/C_Sky_Horizon_Color.uasset" 382
"../../../Engine/Content/EngineSky/C_Sky_Zenith_Color.uasset" 383
"../../../Engine/Content/EngineSky/T_Sky_Blue.uasset" 384
"../../../Engine/Content/EngineSky/T_Sky_Clouds_M.uasset" 385
"../../../Engine/Content/EngineSky/T_Sky_Stars.uasset" 386
"../../../Engine/Content/EngineSky/M_Sky_Panning_Clouds2.uasset" 387
"../../../Engine/Content/EngineSky/SM_SkySphere.uasset" 388
"../../../Engine/Content/EngineSky/BP_Sky_Sphere.uasset" 389
"../../../../../../../Users/KernelPanic/Desktop/JapprendslEnergie/Content/FirstPersonBP/Blueprints/FirstPersonHUD.uasset" 390
"../../../../../../../Users/KernelPanic/Desktop/JapprendslEnergie/Content/alarm_clock.uasset" 391
"../../../../../../../Users/KernelPanic/Desktop/JapprendslEnergie/Content/alarm_clock_Font.uasset" 392
"../../../../../../../Users/KernelPanic/Desktop/JapprendslEnergie/Content/FirstPersonBP/Blueprints/Clock_stop.uasset" 393
"../../../../../../../Users/KernelPanic/Desktop/JapprendslEnergie/Content/FirstPersonBP/Blueprints/FirstPersonGameMode.uasset" 394
"../../../../../../../Users/KernelPanic/Desktop/JapprendslEnergie/Content/Material/Energies/SVG/Biomasse.uasset" 395
"../../../../../../../Users/KernelPanic/Desktop/JapprendslEnergie/Content/Material/Energies/SVG/M_Biom.uasset" 396
"../../../Engine/Content/BasicShapes/Cube.uasset" 397
"../../../../../../../Users/KernelPanic/Desktop/JapprendslEnergie/Content/DynamicGrassLite/Materials/Misc/FireSpark_M.uasset" 398
"../../../../../../../Users/KernelPanic/Desktop/JapprendslEnergie/Content/DynamicGrassLite/Materials/Misc/RainDrop_M.uasset" 399
"../../../../../../../Users/KernelPanic/Desktop/JapprendslEnergie/Content/DynamicGrassLite/Particles/BombSparks_PS.uasset" 400
"../../../../../../../Users/KernelPanic/Desktop/JapprendslEnergie/Content/StarterContent/Audio/Collapse01.uasset" 401
"../../../../../../../Users/KernelPanic/Desktop/JapprendslEnergie/Content/Material/Energies/E_Biom.uasset" 402
"../../../../../../../Users/KernelPanic/Desktop/JapprendslEnergie/Content/Material/Energies/SVG/Charbon.uasset" 403
"../../../../../../../Users/KernelPanic/Desktop/JapprendslEnergie/Content/Material/Energies/SVG/M_Charb.uasset" 404
"../../../../../../../Users/KernelPanic/Desktop/JapprendslEnergie/Content/Material/Energies/E_Charb.uasset" 405
"../../../../../../../Users/KernelPanic/Desktop/JapprendslEnergie/Content/Material/Energies/SVG/Eolien.uasset" 406
"../../../../../../../Users/KernelPanic/Desktop/JapprendslEnergie/Content/Material/Energies/SVG/M_Eol.uasset" 407
"../../../../../../../Users/KernelPanic/Desktop/JapprendslEnergie/Content/Material/Energies/E_Eol.uasset" 408
"../../../../../../../Users/KernelPanic/Desktop/JapprendslEnergie/Content/Material/Energies/SVG/Gaz.uasset" 409
"../../../../../../../Users/KernelPanic/Desktop/JapprendslEnergie/Content/Material/Energies/SVG/M_Gaz.uasset" 410
"../../../../../../../Users/KernelPanic/Desktop/JapprendslEnergie/Content/Material/Energies/E_Gaz.uasset" 411
"../../../../../../../Users/KernelPanic/Desktop/JapprendslEnergie/Content/Material/Energies/SVG/Hydrogene.uasset" 412
"../../../../../../../Users/KernelPanic/Desktop/JapprendslEnergie/Content/Material/Energies/SVG/M_HydroG.uasset" 413
"../../../../../../../Users/KernelPanic/Desktop/JapprendslEnergie/Content/Material/Energies/E_HydroG.uasset" 414
"../../../../../../../Users/KernelPanic/Desktop/JapprendslEnergie/Content/Material/Energies/SVG/Hydraulique.uasset" 415
"../../../../../../../Users/KernelPanic/Desktop/JapprendslEnergie/Content/Material/Energies/SVG/M_HydroL.uasset" 416
"../../../../../../../Users/KernelPanic/Desktop/JapprendslEnergie/Content/Material/Energies/E_Hydrol.uasset" 417
"../../../../../../../Users/KernelPanic/Desktop/JapprendslEnergie/Content/Material/Energies/SVG/Nucleaire.uasset" 418
"../../../../../../../Users/KernelPanic/Desktop/JapprendslEnergie/Content/Material/Energies/SVG/M_nuc.uasset" 419
"../../../../../../../Users/KernelPanic/Desktop/JapprendslEnergie/Content/Material/Energies/E_Nuc.uasset" 420
"../../../../../../../Users/KernelPanic/Desktop/JapprendslEnergie/Content/Material/Energies/SVG/Petrole.uasset" 421
"../../../../../../../Users/KernelPanic/Desktop/JapprendslEnergie/Content/Material/Energies/SVG/M_pet.uasset" 422
"../../../../../../../Users/KernelPanic/Desktop/JapprendslEnergie/Content/Material/Energies/E_Pet.uasset" 423
"../../../../../../../Users/KernelPanic/Desktop/JapprendslEnergie/Content/Material/Energies/SVG/Solaire.uasset" 424
"../../../../../../../Users/KernelPanic/Desktop/JapprendslEnergie/Content/Material/Energies/SVG/M_sol.uasset" 425
"../../../../../../../Users/KernelPanic/Desktop/JapprendslEnergie/Content/Material/Energies/E_Sol.uasset" 426
"../../../../../../../Users/KernelPanic/Desktop/JapprendslEnergie/Content/Material/Trash/bouteille_plastique.uasset" 427
"../../../../../../../Users/KernelPanic/Desktop/JapprendslEnergie/Content/Material/Trash/M_bottle.uasset" 428
"../../../../../../../Users/KernelPanic/Desktop/JapprendslEnergie/Content/Material/Trash/cannette_1.uasset" 429
"../../../../../../../Users/KernelPanic/Desktop/JapprendslEnergie/Content/Material/Trash/M_Can_1.uasset" 430
"../../../../../../../Users/KernelPanic/Desktop/JapprendslEnergie/Content/Material/Trash/cannette_2.uasset" 431
"../../../../../../../Users/KernelPanic/Desktop/JapprendslEnergie/Content/Material/Trash/M_Can_2.uasset" 432
"../../../../../../../Users/KernelPanic/Desktop/JapprendslEnergie/Content/Material/Trash/cannette_3.uasset" 433
"../../../../../../../Users/KernelPanic/Desktop/JapprendslEnergie/Content/Material/Trash/M_Can_3.uasset" 434
"../../../../../../../Users/KernelPanic/Desktop/JapprendslEnergie/Content/Material/Trash/grec_1.uasset" 435
"../../../../../../../Users/KernelPanic/Desktop/JapprendslEnergie/Content/Material/Trash/M_Grec_1.uasset" 436
"../../../../../../../Users/KernelPanic/Desktop/JapprendslEnergie/Content/Material/Trash/grec_2.uasset" 437
"../../../../../../../Users/KernelPanic/Desktop/JapprendslEnergie/Content/Material/Trash/M_Grec_2.uasset" 438
"../../../../../../../Users/KernelPanic/Desktop/JapprendslEnergie/Content/Material/Trash/grec_3.uasset" 439
"../../../../../../../Users/KernelPanic/Desktop/JapprendslEnergie/Content/Material/Trash/M_Grec_3.uasset" 440
"../../../../../../../Users/KernelPanic/Desktop/JapprendslEnergie/Content/Material/Trash/megots.uasset" 441
"../../../../../../../Users/KernelPanic/Desktop/JapprendslEnergie/Content/Material/Trash/M_megots.uasset" 442
"../../../../../../../Users/KernelPanic/Desktop/JapprendslEnergie/Content/Material/Trash/pomme.uasset" 443
"../../../../../../../Users/KernelPanic/Desktop/JapprendslEnergie/Content/Material/Trash/M_pomme.uasset" 444
"../../../../../../../Users/KernelPanic/Desktop/JapprendslEnergie/Content/Material/Trash/sac_poubelle.uasset" 445
"../../../../../../../Users/KernelPanic/Desktop/JapprendslEnergie/Content/Material/Trash/M_poubelle.uasset" 446
"../../../../../../../Users/KernelPanic/Desktop/JapprendslEnergie/Content/Material/Trash/sac_plastique_1.uasset" 447
"../../../../../../../Users/KernelPanic/Desktop/JapprendslEnergie/Content/Material/Trash/M_sac_plastic_1.uasset" 448
"../../../../../../../Users/KernelPanic/Desktop/JapprendslEnergie/Content/Material/Trash/sac_plastique_2.uasset" 449
"../../../../../../../Users/KernelPanic/Desktop/JapprendslEnergie/Content/Material/Trash/M_sac_plastic_2.uasset" 450
"../../../../../../../Users/KernelPanic/Desktop/JapprendslEnergie/Content/StarterContent/Particles/P_Steam_Lit.uasset" 451
"../../../../../../../Users/KernelPanic/Desktop/JapprendslEnergie/Content/StarterContent/Materials/M_Basic_Wall.uasset" 452
"../../../../../../../Users/KernelPanic/Desktop/JapprendslEnergie/Content/StarterContent/Shapes/Shape_Cube.uasset" 453
"../../../../../../../Users/KernelPanic/Desktop/JapprendslEnergie/Content/Material/Trash/BP_Trash.uasset" 454
"../../../../../../../Users/KernelPanic/Desktop/JapprendslEnergie/Content/Material/Grass_LayerInfo.uasset" 455
"../../../../../../../Users/KernelPanic/Desktop/JapprendslEnergie/Content/Material/Ground_LayerInfo.uasset" 456
"../../../../../../../Users/KernelPanic/Desktop/JapprendslEnergie/Content/Material/start_LayerInfo.uasset" 457
"../../../../../../../Users/KernelPanic/Desktop/JapprendslEnergie/Content/FirstPersonBP/Maps/Race_BuiltData.uasset" 458
"../../../Engine/Content/EngineMaterials/AntiAliasedTextMaterialTranslucent.uasset" 459
"../../../../../../../Users/KernelPanic/Desktop/JapprendslEnergie/Content/DynamicGrassLite/Blueprints/InternalLogic/FirstPersonBP/Meshes/BaseMaterial.uasset" 460
"../../../../../../../Users/KernelPanic/Desktop/JapprendslEnergie/Content/StarterContent/Textures/T_CobbleStone_Pebble_M.uasset" 461
"../../../../../../../Users/KernelPanic/Desktop/JapprendslEnergie/Content/StarterContent/Textures/T_CobbleStone_Pebble_N.uasset" 462
"../../../../../../../Users/KernelPanic/Desktop/JapprendslEnergie/Content/StarterContent/Textures/T_Ground_Grass_D.uasset" 463
"../../../../../../../Users/KernelPanic/Desktop/JapprendslEnergie/Content/StarterContent/Textures/T_Ground_Grass_N.uasset" 464
"../../../../../../../Users/KernelPanic/Desktop/JapprendslEnergie/Content/StarterContent/Textures/T_Ground_Gravel_D.uasset" 465
"../../../../../../../Users/KernelPanic/Desktop/JapprendslEnergie/Content/StarterContent/Textures/T_Ground_Gravel_N.uasset" 466
"../../../../../../../Users/KernelPanic/Desktop/JapprendslEnergie/Content/Material/M_ground.uasset" 467
"../../../../../../../Users/KernelPanic/Desktop/JapprendslEnergie/Content/StarterContent/Materials/M_Glass.uasset" 468
"../../../Engine/Content/EditorLandscapeResources/SplineEditorMeshMat.uasset" 469
"../../../Engine/Content/EditorLandscapeResources/SplineEditorMesh.uasset" 470
"../../../Engine/Content/Functions/Engine_MaterialFunctions01/SpeedTree/SpeedTreeColorVariation.uasset" 471
"../../../Engine/Content/Functions/Engine_MaterialFunctions02/Texturing/CustomRotator.uasset" 472
"../../../Engine/Content/Functions/Engine_MaterialFunctions03/Blends/Blend_Overlay.uasset" 473
"../../../../../../../Users/KernelPanic/Desktop/JapprendslEnergie/Content/DynamicGrassLite/Materials/Grass/SimpleGrassWind_DGS.uasset" 474
"../../../../../../../Users/KernelPanic/Desktop/JapprendslEnergie/Content/DynamicGrassLite/Materials/Grass/SimpleOptimizedGrassWind.uasset" 475
"../../../../../../../Users/KernelPanic/Desktop/JapprendslEnergie/Content/DynamicGrassLite/Materials/Grass/GrassGlobalParams.uasset" 476
"../../../../../../../Users/KernelPanic/Desktop/JapprendslEnergie/Content/DynamicGrassLite/Textures/Foliage/Grass1_T.uasset" 477
"../../../../../../../Users/KernelPanic/Desktop/JapprendslEnergie/Content/DynamicGrassLite/Textures/Misc/clouds4_T.uasset" 478
"../../../../../../../Users/KernelPanic/Desktop/JapprendslEnergie/Content/DynamicGrassLite/Textures/Misc/GrassUnivRoughnessTexture1_T.uasset" 479
"../../../../../../../Users/KernelPanic/Desktop/JapprendslEnergie/Content/DynamicGrassLite/Textures/Misc/WindWaveNormal1_T.uasset" 480
"../../../../../../../Users/KernelPanic/Desktop/JapprendslEnergie/Content/DynamicGrassLite/Materials/Grass/Grass_M.uasset" 481
"../../../../../../../Users/KernelPanic/Desktop/JapprendslEnergie/Content/DynamicGrassLite/Textures/Foliage/Grass1_Dense2_T.uasset" 482
"../../../../../../../Users/KernelPanic/Desktop/JapprendslEnergie/Content/DynamicGrassLite/Materials/Grass/Grass1_M_Inst.uasset" 483
"../../../../../../../Users/KernelPanic/Desktop/JapprendslEnergie/Content/DynamicGrassLite/Meshes/grassMesh1_SM.uasset" 484
"../../../../../../../Users/KernelPanic/Desktop/JapprendslEnergie/Content/DynamicGrassLite/Materials/Grass/Grass_FarLOD_M.uasset" 485
"../../../../../../../Users/KernelPanic/Desktop/JapprendslEnergie/Content/DynamicGrassLite/Textures/Foliage/grass2_Color_Desaturated_Var1.uasset" 486
"../../../../../../../Users/KernelPanic/Desktop/JapprendslEnergie/Content/DynamicGrassLite/Materials/Grass/Grass2_FarLOD_M_Inst.uasset" 487
"../../../../../../../Users/KernelPanic/Desktop/JapprendslEnergie/Content/DynamicGrassLite/Materials/Grass/Grass2_M_Inst.uasset" 488
"../../../../../../../Users/KernelPanic/Desktop/JapprendslEnergie/Content/DynamicGrassLite/Meshes/grassMesh2_SM.uasset" 489
"../../../../../../../Users/KernelPanic/Desktop/JapprendslEnergie/Content/DynamicGrassLite/Materials/Grass/Grass3_FarLOD_M_Inst.uasset" 490
"../../../../../../../Users/KernelPanic/Desktop/JapprendslEnergie/Content/DynamicGrassLite/Materials/Grass/Grass3_M_Inst.uasset" 491
"../../../../../../../Users/KernelPanic/Desktop/JapprendslEnergie/Content/DynamicGrassLite/Meshes/grassMesh3_SM.uasset" 492
"../../../../../../../Users/KernelPanic/Desktop/JapprendslEnergie/Content/Geometry/Meshes/CubeMaterial.uasset" 493
"../../../../../../../Users/KernelPanic/Desktop/JapprendslEnergie/Content/Geometry/Meshes/1M_Cube.uasset" 494
"../../../Engine/Content/Functions/Engine_MaterialFunctions01/WorldPositionOffset/SimpleGrassWind.uasset" 495
"../../../../../../../Users/KernelPanic/Desktop/JapprendslEnergie/Content/DarkForest/Textures/TX_leaf_D.uasset" 496
"../../../../../../../Users/KernelPanic/Desktop/JapprendslEnergie/Content/DarkForest/Textures/TX_leaf_N.uasset" 497
"../../../../../../../Users/KernelPanic/Desktop/JapprendslEnergie/Content/DarkForest/Textures/TX_Leaf_R.uasset" 498
"../../../../../../../Users/KernelPanic/Desktop/JapprendslEnergie/Content/DarkForest/Textures/TX_Mud_D.uasset" 499
"../../../../../../../Users/KernelPanic/Desktop/JapprendslEnergie/Content/DarkForest/Materials/M_plants.uasset" 500
"../../../../../../../Users/KernelPanic/Desktop/JapprendslEnergie/Content/StarterContent/Textures/T_Perlin_Noise_M.uasset" 501
"../../../../../../../Users/KernelPanic/Desktop/JapprendslEnergie/Content/StarterContent/Materials/M_Water_Lake.uasset" 502
"../../../../../../../Users/KernelPanic/Desktop/JapprendslEnergie/Content/Material/Kart/kart_buble_Sphere_003J.uasset" 503
"../../../../../../../Users/KernelPanic/Desktop/JapprendslEnergie/Content/Material/Kart/kart_nuage.uasset" 504
"../../../../../../../Users/KernelPanic/Desktop/JapprendslEnergie/Content/StarterContent/Textures/T_Frame_M.uasset" 505
"../../../../../../../Users/KernelPanic/Desktop/JapprendslEnergie/Content/StarterContent/Textures/T_Frame_N.uasset" 506
"../../../../../../../Users/KernelPanic/Desktop/JapprendslEnergie/Content/StarterContent/Props/Materials/M_Frame.uasset" 507
"../../../../../../../Users/KernelPanic/Desktop/JapprendslEnergie/Content/StarterContent/Props/SM_PillarFrame.uasset" 508
"../../../../../../../Users/KernelPanic/Desktop/JapprendslEnergie/Content/FirstPersonBP/Maps/Race.umap" 509
"../../../../../../../Users/KernelPanic/Desktop/JapprendslEnergie/Content/Menu/maxresdefault.uasset" 510
"../../../../../../../Users/KernelPanic/Desktop/JapprendslEnergie/Content/Material/Menus/Jauges/SVG/energie_40.uasset" 511
"../../../../../../../Users/KernelPanic/Desktop/JapprendslEnergie/Content/Material/Menus/Jauges/SVG/pollution_20.uasset" 512
"../../../../../../../Users/KernelPanic/Desktop/JapprendslEnergie/Content/Menu/580b57fcd9996e24bc43c44e.uasset" 513
"../../../../../../../Users/KernelPanic/Desktop/JapprendslEnergie/Content/Menu/Menu_Selection.uasset" 514
"../../../../../../../Users/KernelPanic/Desktop/JapprendslEnergie/Content/Menu/Main_Menu.uasset" 515
"../../../../../../../Users/KernelPanic/Desktop/JapprendslEnergie/Content/FirstPersonBP/Maps/Menu.umap" 516
